[1677078258.831][INFO]: Starting ChromeDriver 110.0.5481.77 (65ed616c6e8ee3fe0ad64fe83796c020644d42af-refs/branch-heads/5481@{#839}) on port 63570
[1677078258.831][INFO]: Please see https://chromedriver.chromium.org/security-considerations for suggestions on keeping ChromeDriver safe.
[1677078259.207][INFO]: [7cc71a6be8bc1c47ade24645441bbc09] COMMAND InitSession {
   "capabilities": {
      "alwaysMatch": {
         "browserName": "chrome",
         "goog:chromeOptions": {
            "args": [ "--no-sandbox", "--disable-dev-shm-usage", "--disable-gpu", "--disable-features=NetworkService", "--window-size=1920x1080", "--disable-features=VizDisplayCompositor" ],
            "extensions": [  ]
         },
         "pageLoadStrategy": "normal"
      },
      "firstMatch": [ {
      } ]
   }
}
[1677078259.211][INFO]: Populating Preferences file: {
   "alternate_error_pages": {
      "enabled": false
   },
   "autofill": {
      "enabled": false
   },
   "browser": {
      "check_default_browser": false
   },
   "distribution": {
      "import_bookmarks": false,
      "import_history": false,
      "import_search_engine": false,
      "make_chrome_default_for_user": false,
      "skip_first_run_ui": true
   },
   "dns_prefetching": {
      "enabled": false
   },
   "profile": {
      "content_settings": {
         "pattern_pairs": {
            "https://*,*": {
               "media-stream": {
                  "audio": "Default",
                  "video": "Default"
               }
            }
         }
      },
      "default_content_setting_values": {
         "geolocation": 1
      },
      "default_content_settings": {
         "geolocation": 1,
         "mouselock": 1,
         "notifications": 1,
         "popups": 1,
         "ppapi-broker": 1
      },
      "password_manager_enabled": false
   },
   "safebrowsing": {
      "enabled": false
   },
   "search": {
      "suggest_enabled": false
   },
   "translate": {
      "enabled": false
   }
}
[1677078259.212][INFO]: Populating Local State file: {
   "background_mode": {
      "enabled": false
   },
   "ssl": {
      "rev_checking": {
         "enabled": false
      }
   }
}
[1677078259.212][INFO]: Launching chrome: /Applications/Google Chrome.app/Contents/MacOS/Google Chrome --allow-pre-commit-input --disable-background-networking --disable-client-side-phishing-detection --disable-default-apps --disable-dev-shm-usage --disable-features=NetworkService,VizDisplayCompositor --disable-gpu --disable-hang-monitor --disable-popup-blocking --disable-prompt-on-repost --disable-sync --enable-automation --enable-blink-features=ShadowDOMV0 --enable-logging --log-level=0 --no-first-run --no-sandbox --no-service-autorun --password-store=basic --remote-debugging-port=0 --test-type=webdriver --use-mock-keychain --user-data-dir=/var/folders/p_/xhkppdyd4dzgm1pr4h0dz7v00000gn/T/.com.google.Chrome.6Rhq9V --window-size=1920x1080 data:,
[1677078261.475][INFO]: resolved localhost to ["::1","127.0.0.1"]
[1677078261.494][WARNING]: virtual void DevToolsClientImpl::AddListener(DevToolsEventListener *) subscribing a listener to the already connected DevToolsClient. Connection notification will not arrive.
[1677078261.644][INFO]: [7cc71a6be8bc1c47ade24645441bbc09] RESPONSE InitSession {
   "capabilities": {
      "acceptInsecureCerts": false,
      "browserName": "chrome",
      "browserVersion": "110.0.5481.100",
      "chrome": {
         "chromedriverVersion": "110.0.5481.77 (65ed616c6e8ee3fe0ad64fe83796c020644d42af-refs/branch-heads/5481@{#839})",
         "userDataDir": "/var/folders/p_/xhkppdyd4dzgm1pr4h0dz7v00000gn/T/.com.google.Chrome.6Rhq9V"
      },
      "goog:chromeOptions": {
         "debuggerAddress": "localhost:63596"
      },
      "networkConnectionEnabled": false,
      "pageLoadStrategy": "normal",
      "platformName": "mac os x",
      "proxy": {
      },
      "setWindowRect": true,
      "strictFileInteractability": false,
      "timeouts": {
         "implicit": 0,
         "pageLoad": 300000,
         "script": 30000
      },
      "unhandledPromptBehavior": "dismiss and notify",
      "webauthn:extension:credBlob": true,
      "webauthn:extension:largeBlob": true,
      "webauthn:virtualAuthenticators": true
   },
   "sessionId": "7cc71a6be8bc1c47ade24645441bbc09"
}
[1677078261.659][INFO]: [7cc71a6be8bc1c47ade24645441bbc09] COMMAND Navigate {
   "url": "https://www.unibet.fr/sport/football/europa-league/europa-league-matchs"
}
[1677078261.683][INFO]: Waiting for pending navigations...
[1677078261.689][INFO]: Done waiting for pending navigations. Status: ok
[1677078262.382][INFO]: Waiting for pending navigations...
[1677078303.038][INFO]: Done waiting for pending navigations. Status: ok
[1677078303.039][INFO]: [7cc71a6be8bc1c47ade24645441bbc09] RESPONSE Navigate
[1677078303.040][INFO]: [7cc71a6be8bc1c47ade24645441bbc09] COMMAND FindElements {
   "using": "xpath",
   "value": "//*[@class=\"ui-mainview-block eventpath-wrapper\"]"
}
[1677078303.040][INFO]: Waiting for pending navigations...
[1677078303.041][INFO]: Done waiting for pending navigations. Status: ok
[1677078303.060][INFO]: Waiting for pending navigations...
[1677078303.060][INFO]: Done waiting for pending navigations. Status: ok
[1677078303.060][INFO]: [7cc71a6be8bc1c47ade24645441bbc09] RESPONSE FindElements [ {
   "element-6066-11e4-a52e-4f735466cecf": "4e55b478-f553-4cff-98b1-11c1cf2492c1"
} ]
[1677078303.062][INFO]: [7cc71a6be8bc1c47ade24645441bbc09] COMMAND GetElementProperty {
   "id": "4e55b478-f553-4cff-98b1-11c1cf2492c1",
   "name": "attributes"
}
[1677078303.062][INFO]: Waiting for pending navigations...
[1677078303.062][INFO]: Done waiting for pending navigations. Status: ok
[1677078303.066][INFO]: Waiting for pending navigations...
[1677078303.067][INFO]: Done waiting for pending navigations. Status: ok
[1677078303.067][INFO]: [7cc71a6be8bc1c47ade24645441bbc09] RESPONSE GetElementProperty [ {
   "ATTRIBUTE_NODE": 2,
   "CDATA_SECTION_NODE": 4,
   "COMMENT_NODE": 8,
   "DOCUMENT_FRAGMENT_NODE": 11,
   "DOCUMENT_NODE": 9,
   "DOCUMENT_POSITION_CONTAINED_BY": 16,
   "DOCUMENT_POSITION_CONTAINS": 8,
   "DOCUMENT_POSITION_DISCONNECTED": 1,
   "DOCUMENT_POSITION_FOLLOWING": 4,
   "DOCUMENT_POSITION_IMPLEMENTATION_SPECIFIC": 32,
   "DOCUMENT_POSITION_PRECEDING": 2,
   "DOCUMENT_TYPE_NODE": 10,
   "ELEMENT_NODE": 1,
   "ENTITY_NODE": 6,
   "ENTITY_REFERENCE_NODE": 5,
   "NOTATION_NODE": 12,
   "PROCESSING_INSTRUCTION_NODE": 7,
   "TEXT_NODE": 3,
   "addEventListener": {
   },
   "~~~": "..."
}, {
   "ATTRIBUTE_NODE": 2,
   "CDATA_SECTION_NODE": 4,
   "COMMENT_NODE": 8,
   "DOCUMENT_FRAGMENT_NODE": 11,
   "DOCUMENT_NODE": 9,
   "DOCUMENT_POSITION_CONTAINED_BY": 16,
   "DOCUMENT_POSITION_CONTAINS": 8,
   "DOCUMENT_POSITION_DISCONNECTED": 1,
   "DOCUMENT_POSITION_FOLLOWING": 4,
   "DOCUMENT_POSITION_IMPLEMENTATION_SPECIFIC": 32,
   "DOCUMENT_POSITION_PRECEDING": 2,
   "DOCUMENT_TYPE_NODE": 10,
   "ELEMENT_NODE": 1,
   "ENTITY_NODE": 6,
   "ENTITY_REFERENCE_NODE": 5,
   "NOTATION_NODE": 12,
   "PROCESSING_INSTRUCTION_NODE": 7,
   "TEXT_NODE": 3,
   "addEventListener": {
   },
   "~~~": "..."
}, {
   "ATTRIBUTE_NODE": 2,
   "CDATA_SECTION_NODE": 4,
   "COMMENT_NODE": 8,
   "DOCUMENT_FRAGMENT_NODE": 11,
   "DOCUMENT_NODE": 9,
   "DOCUMENT_POSITION_CONTAINED_BY": 16,
   "DOCUMENT_POSITION_CONTAINS": 8,
   "DOCUMENT_POSITION_DISCONNECTED": 1,
   "DOCUMENT_POSITION_FOLLOWING": 4,
   "DOCUMENT_POSITION_IMPLEMENTATION_SPECIFIC": 32,
   "DOCUMENT_POSITION_PRECEDING": 2,
   "DOCUMENT_TYPE_NODE": 10,
   "ELEMENT_NODE": 1,
   "ENTITY_NODE": 6,
   "ENTITY_REFERENCE_NODE": 5,
   "NOTATION_NODE": 12,
   "PROCESSING_INSTRUCTION_NODE": 7,
   "TEXT_NODE": 3,
   "addEventListener": {
   },
   "~~~": "..."
}, {
   "ATTRIBUTE_NODE": 2,
   "CDATA_SECTION_NODE": 4,
   "COMMENT_NODE": 8,
   "DOCUMENT_FRAGMENT_NODE": 11,
   "DOCUMENT_NODE": 9,
   "DOCUMENT_POSITION_CONTAINED_BY": 16,
   "DOCUMENT_POSITION_CONTAINS": 8,
   "DOCUMENT_POSITION_DISCONNECTED": 1,
   "DOCUMENT_POSITION_FOLLOWING": 4,
   "DOCUMENT_POSITION_IMPLEMENTATION_SPECIFIC": 32,
   "DOCUMENT_POSITION_PRECEDING": 2,
   "DOCUMENT_TYPE_NODE": 10,
   "ELEMENT_NODE": 1,
   "ENTITY_NODE": 6,
   "ENTITY_REFERENCE_NODE": 5,
   "NOTATION_NODE": 12,
   "PROCESSING_INSTRUCTION_NODE": 7,
   "TEXT_NODE": 3,
   "addEventListener": {
   },
   "~~~": "..."
} ]
[1677078303.068][INFO]: [7cc71a6be8bc1c47ade24645441bbc09] COMMAND Quit {
}
[1677078303.119][INFO]: [7cc71a6be8bc1c47ade24645441bbc09] RESPONSE Quit
